2026-06-23 19:23:26,041 [trainer.py] => config: ./exps/finetune.json
2026-06-23 19:23:26,041 [trainer.py] => prefix: -
2026-06-23 19:23:26,041 [trainer.py] => dataset: cifar224
2026-06-23 19:23:26,042 [trainer.py] => memory_size: 0
2026-06-23 19:23:26,042 [trainer.py] => memory_per_class: 0
2026-06-23 19:23:26,042 [trainer.py] => fixed_memory: False
2026-06-23 19:23:26,042 [trainer.py] => shuffle: True
2026-06-23 19:23:26,042 [trainer.py] => init_cls: 50
2026-06-23 19:23:26,042 [trainer.py] => increment: 10
2026-06-23 19:23:26,042 [trainer.py] => model_name: finetune
2026-06-23 19:23:26,042 [trainer.py] => backbone_type: clip
2026-06-23 19:23:26,042 [trainer.py] => device: [device(type='cuda', index=0)]
2026-06-23 19:23:26,042 [trainer.py] => seed: 1993
2026-06-23 19:23:26,042 [trainer.py] => init_epoch: 10
2026-06-23 19:23:26,042 [trainer.py] => init_lr: 0.001
2026-06-23 19:23:26,042 [trainer.py] => init_milestones: [60, 120, 170]
2026-06-23 19:23:26,042 [trainer.py] => init_lr_decay: 0.1
2026-06-23 19:23:26,042 [trainer.py] => init_weight_decay: 0.0005
2026-06-23 19:23:26,042 [trainer.py] => epochs: 10
2026-06-23 19:23:26,042 [trainer.py] => lrate: 0.001
2026-06-23 19:23:26,042 [trainer.py] => milestones: [40, 70]
2026-06-23 19:23:26,042 [trainer.py] => lrate_decay: 0.1
2026-06-23 19:23:26,042 [trainer.py] => batch_size: 128
2026-06-23 19:23:26,042 [trainer.py] => weight_decay: 0.0002
2026-06-23 19:23:26,042 [trainer.py] => total_class_num: 100
2026-06-23 19:23:30,493 [data_manager.py] => [68, 56, 78, 8, 23, 84, 90, 65, 74, 76, 40, 89, 3, 92, 55, 9, 26, 80, 43, 38, 58, 70, 77, 1, 85, 19, 17, 50, 28, 53, 13, 81, 45, 82, 6, 59, 83, 16, 15, 44, 91, 41, 72, 60, 79, 52, 20, 10, 31, 54, 37, 95, 14, 71, 96, 98, 97, 2, 64, 66, 42, 22, 35, 86, 24, 34, 87, 21, 99, 0, 88, 27, 18, 94, 11, 12, 47, 25, 30, 46, 62, 69, 36, 61, 7, 63, 75, 5, 32, 4, 51, 48, 73, 93, 39, 67, 29, 49, 57, 33]
2026-06-23 19:23:31,135 [instantiator.py] => Created a temporary directory at /tmp/tmpkhe04p7r
2026-06-23 19:23:31,135 [instantiator.py] => Writing /tmp/tmpkhe04p7r/_remote_module_non_scriptable.py
2026-06-23 19:23:31,285 [factory.py] => Loaded ViT-B-16 model config.
2026-06-23 19:24:47,511 [trainer.py] => config: ./exps/finetune.json
2026-06-23 19:24:47,511 [trainer.py] => prefix: -
2026-06-23 19:24:47,511 [trainer.py] => dataset: cifar224
2026-06-23 19:24:47,511 [trainer.py] => memory_size: 0
2026-06-23 19:24:47,511 [trainer.py] => memory_per_class: 0
2026-06-23 19:24:47,511 [trainer.py] => fixed_memory: False
2026-06-23 19:24:47,511 [trainer.py] => shuffle: True
2026-06-23 19:24:47,511 [trainer.py] => init_cls: 50
2026-06-23 19:24:47,511 [trainer.py] => increment: 10
2026-06-23 19:24:47,511 [trainer.py] => model_name: finetune
2026-06-23 19:24:47,511 [trainer.py] => backbone_type: clip
2026-06-23 19:24:47,511 [trainer.py] => device: [device(type='cuda', index=0)]
2026-06-23 19:24:47,511 [trainer.py] => seed: 1993
2026-06-23 19:24:47,511 [trainer.py] => init_epoch: 10
2026-06-23 19:24:47,511 [trainer.py] => init_lr: 0.001
2026-06-23 19:24:47,511 [trainer.py] => init_milestones: [60, 120, 170]
2026-06-23 19:24:47,511 [trainer.py] => init_lr_decay: 0.1
2026-06-23 19:24:47,511 [trainer.py] => init_weight_decay: 0.0005
2026-06-23 19:24:47,511 [trainer.py] => epochs: 10
2026-06-23 19:24:47,511 [trainer.py] => lrate: 0.001
2026-06-23 19:24:47,511 [trainer.py] => milestones: [40, 70]
2026-06-23 19:24:47,511 [trainer.py] => lrate_decay: 0.1
2026-06-23 19:24:47,511 [trainer.py] => batch_size: 128
2026-06-23 19:24:47,511 [trainer.py] => weight_decay: 0.0002
2026-06-23 19:24:47,511 [trainer.py] => total_class_num: 100
2026-06-23 19:24:49,208 [data_manager.py] => [68, 56, 78, 8, 23, 84, 90, 65, 74, 76, 40, 89, 3, 92, 55, 9, 26, 80, 43, 38, 58, 70, 77, 1, 85, 19, 17, 50, 28, 53, 13, 81, 45, 82, 6, 59, 83, 16, 15, 44, 91, 41, 72, 60, 79, 52, 20, 10, 31, 54, 37, 95, 14, 71, 96, 98, 97, 2, 64, 66, 42, 22, 35, 86, 24, 34, 87, 21, 99, 0, 88, 27, 18, 94, 11, 12, 47, 25, 30, 46, 62, 69, 36, 61, 7, 63, 75, 5, 32, 4, 51, 48, 73, 93, 39, 67, 29, 49, 57, 33]
2026-06-23 19:24:49,816 [instantiator.py] => Created a temporary directory at /tmp/tmphziwgxvm
2026-06-23 19:24:49,816 [instantiator.py] => Writing /tmp/tmphziwgxvm/_remote_module_non_scriptable.py
2026-06-23 19:24:49,960 [factory.py] => Loaded ViT-B-16 model config.
2026-06-23 19:29:03,915 [trainer.py] => config: ./exps/finetune.json
2026-06-23 19:29:03,916 [trainer.py] => prefix: -
2026-06-23 19:29:03,916 [trainer.py] => dataset: cifar224
2026-06-23 19:29:03,916 [trainer.py] => memory_size: 0
2026-06-23 19:29:03,916 [trainer.py] => memory_per_class: 0
2026-06-23 19:29:03,916 [trainer.py] => fixed_memory: False
2026-06-23 19:29:03,916 [trainer.py] => shuffle: True
2026-06-23 19:29:03,916 [trainer.py] => init_cls: 50
2026-06-23 19:29:03,916 [trainer.py] => increment: 10
2026-06-23 19:29:03,916 [trainer.py] => model_name: finetune
2026-06-23 19:29:03,916 [trainer.py] => backbone_type: clip
2026-06-23 19:29:03,917 [trainer.py] => device: [device(type='cuda', index=0)]
2026-06-23 19:29:03,917 [trainer.py] => seed: 1993
2026-06-23 19:29:03,917 [trainer.py] => init_epoch: 10
2026-06-23 19:29:03,917 [trainer.py] => init_lr: 0.001
2026-06-23 19:29:03,917 [trainer.py] => init_milestones: [60, 120, 170]
2026-06-23 19:29:03,917 [trainer.py] => init_lr_decay: 0.1
2026-06-23 19:29:03,917 [trainer.py] => init_weight_decay: 0.0005
2026-06-23 19:29:03,917 [trainer.py] => epochs: 10
2026-06-23 19:29:03,917 [trainer.py] => lrate: 0.001
2026-06-23 19:29:03,917 [trainer.py] => milestones: [40, 70]
2026-06-23 19:29:03,917 [trainer.py] => lrate_decay: 0.1
2026-06-23 19:29:03,917 [trainer.py] => batch_size: 128
2026-06-23 19:29:03,918 [trainer.py] => weight_decay: 0.0002
2026-06-23 19:29:03,918 [trainer.py] => total_class_num: 100
2026-06-23 19:29:05,602 [data_manager.py] => [68, 56, 78, 8, 23, 84, 90, 65, 74, 76, 40, 89, 3, 92, 55, 9, 26, 80, 43, 38, 58, 70, 77, 1, 85, 19, 17, 50, 28, 53, 13, 81, 45, 82, 6, 59, 83, 16, 15, 44, 91, 41, 72, 60, 79, 52, 20, 10, 31, 54, 37, 95, 14, 71, 96, 98, 97, 2, 64, 66, 42, 22, 35, 86, 24, 34, 87, 21, 99, 0, 88, 27, 18, 94, 11, 12, 47, 25, 30, 46, 62, 69, 36, 61, 7, 63, 75, 5, 32, 4, 51, 48, 73, 93, 39, 67, 29, 49, 57, 33]
2026-06-23 19:29:06,681 [instantiator.py] => Created a temporary directory at /tmp/tmpv3psp0a5
2026-06-23 19:29:06,682 [instantiator.py] => Writing /tmp/tmpv3psp0a5/_remote_module_non_scriptable.py
2026-06-23 19:29:06,919 [factory.py] => Loaded ViT-B-16 model config.
2026-06-23 19:29:57,812 [trainer.py] => config: ./exps/finetune.json
2026-06-23 19:29:57,813 [trainer.py] => prefix: -
2026-06-23 19:29:57,813 [trainer.py] => dataset: cifar224
2026-06-23 19:29:57,813 [trainer.py] => memory_size: 0
2026-06-23 19:29:57,813 [trainer.py] => memory_per_class: 0
2026-06-23 19:29:57,813 [trainer.py] => fixed_memory: False
2026-06-23 19:29:57,813 [trainer.py] => shuffle: True
2026-06-23 19:29:57,813 [trainer.py] => init_cls: 50
2026-06-23 19:29:57,813 [trainer.py] => increment: 10
2026-06-23 19:29:57,814 [trainer.py] => model_name: finetune
2026-06-23 19:29:57,814 [trainer.py] => backbone_type: clip
2026-06-23 19:29:57,814 [trainer.py] => device: [device(type='cuda', index=0)]
2026-06-23 19:29:57,814 [trainer.py] => seed: 1993
2026-06-23 19:29:57,814 [trainer.py] => init_epoch: 10
2026-06-23 19:29:57,814 [trainer.py] => init_lr: 0.001
2026-06-23 19:29:57,814 [trainer.py] => init_milestones: [60, 120, 170]
2026-06-23 19:29:57,814 [trainer.py] => init_lr_decay: 0.1
2026-06-23 19:29:57,814 [trainer.py] => init_weight_decay: 0.0005
2026-06-23 19:29:57,814 [trainer.py] => epochs: 10
2026-06-23 19:29:57,814 [trainer.py] => lrate: 0.001
2026-06-23 19:29:57,814 [trainer.py] => milestones: [40, 70]
2026-06-23 19:29:57,815 [trainer.py] => lrate_decay: 0.1
2026-06-23 19:29:57,815 [trainer.py] => batch_size: 128
2026-06-23 19:29:57,815 [trainer.py] => weight_decay: 0.0002
2026-06-23 19:29:57,815 [trainer.py] => total_class_num: 100
2026-06-23 19:29:59,502 [data_manager.py] => [68, 56, 78, 8, 23, 84, 90, 65, 74, 76, 40, 89, 3, 92, 55, 9, 26, 80, 43, 38, 58, 70, 77, 1, 85, 19, 17, 50, 28, 53, 13, 81, 45, 82, 6, 59, 83, 16, 15, 44, 91, 41, 72, 60, 79, 52, 20, 10, 31, 54, 37, 95, 14, 71, 96, 98, 97, 2, 64, 66, 42, 22, 35, 86, 24, 34, 87, 21, 99, 0, 88, 27, 18, 94, 11, 12, 47, 25, 30, 46, 62, 69, 36, 61, 7, 63, 75, 5, 32, 4, 51, 48, 73, 93, 39, 67, 29, 49, 57, 33]
2026-06-23 19:30:00,617 [instantiator.py] => Created a temporary directory at /tmp/tmpc74mu2fw
2026-06-23 19:30:00,617 [instantiator.py] => Writing /tmp/tmpc74mu2fw/_remote_module_non_scriptable.py
2026-06-23 19:30:00,861 [factory.py] => Loaded ViT-B-16 model config.
2026-06-23 19:41:36,307 [trainer.py] => config: ./exps/finetune.json
2026-06-23 19:41:36,307 [trainer.py] => prefix: -
2026-06-23 19:41:36,307 [trainer.py] => dataset: cifar224
2026-06-23 19:41:36,307 [trainer.py] => memory_size: 0
2026-06-23 19:41:36,307 [trainer.py] => memory_per_class: 0
2026-06-23 19:41:36,307 [trainer.py] => fixed_memory: False
2026-06-23 19:41:36,307 [trainer.py] => shuffle: True
2026-06-23 19:41:36,307 [trainer.py] => init_cls: 50
2026-06-23 19:41:36,307 [trainer.py] => increment: 10
2026-06-23 19:41:36,307 [trainer.py] => model_name: finetune
2026-06-23 19:41:36,307 [trainer.py] => backbone_type: clip
2026-06-23 19:41:36,307 [trainer.py] => device: [device(type='cuda', index=0)]
2026-06-23 19:41:36,307 [trainer.py] => seed: 1993
2026-06-23 19:41:36,307 [trainer.py] => init_epoch: 10
2026-06-23 19:41:36,308 [trainer.py] => init_lr: 0.001
2026-06-23 19:41:36,308 [trainer.py] => init_milestones: [60, 120, 170]
2026-06-23 19:41:36,308 [trainer.py] => init_lr_decay: 0.1
2026-06-23 19:41:36,308 [trainer.py] => init_weight_decay: 0.0005
2026-06-23 19:41:36,308 [trainer.py] => epochs: 10
2026-06-23 19:41:36,308 [trainer.py] => lrate: 0.001
2026-06-23 19:41:36,308 [trainer.py] => milestones: [40, 70]
2026-06-23 19:41:36,308 [trainer.py] => lrate_decay: 0.1
2026-06-23 19:41:36,308 [trainer.py] => batch_size: 128
2026-06-23 19:41:36,308 [trainer.py] => weight_decay: 0.0002
2026-06-23 19:41:36,308 [trainer.py] => total_class_num: 100
2026-06-23 19:41:38,050 [data_manager.py] => [68, 56, 78, 8, 23, 84, 90, 65, 74, 76, 40, 89, 3, 92, 55, 9, 26, 80, 43, 38, 58, 70, 77, 1, 85, 19, 17, 50, 28, 53, 13, 81, 45, 82, 6, 59, 83, 16, 15, 44, 91, 41, 72, 60, 79, 52, 20, 10, 31, 54, 37, 95, 14, 71, 96, 98, 97, 2, 64, 66, 42, 22, 35, 86, 24, 34, 87, 21, 99, 0, 88, 27, 18, 94, 11, 12, 47, 25, 30, 46, 62, 69, 36, 61, 7, 63, 75, 5, 32, 4, 51, 48, 73, 93, 39, 67, 29, 49, 57, 33]
2026-06-23 19:41:38,754 [instantiator.py] => Created a temporary directory at /tmp/tmpjq3pf_it
2026-06-23 19:41:38,754 [instantiator.py] => Writing /tmp/tmpjq3pf_it/_remote_module_non_scriptable.py
2026-06-23 19:41:38,909 [factory.py] => Loaded ViT-B-16 model config.
2026-06-23 19:41:41,188 [factory.py] => Loading pretrained ViT-B-16 weights (laion400m_e32).
2026-06-23 19:41:41,633 [factory.py] => Loaded ViT-B-16 model config.
2026-06-23 19:41:43,717 [factory.py] => Loading pretrained ViT-B-16 weights (laion400m_e32).
2026-06-23 19:41:44,110 [finetune.py] => Learning on 0-50
2026-06-23 19:42:01,687 [trainer.py] => config: ./exps/finetune.json
2026-06-23 19:42:01,688 [trainer.py] => prefix: -
2026-06-23 19:42:01,688 [trainer.py] => dataset: cifar224
2026-06-23 19:42:01,688 [trainer.py] => memory_size: 0
2026-06-23 19:42:01,688 [trainer.py] => memory_per_class: 0
2026-06-23 19:42:01,688 [trainer.py] => fixed_memory: False
2026-06-23 19:42:01,688 [trainer.py] => shuffle: True
2026-06-23 19:42:01,689 [trainer.py] => init_cls: 50
2026-06-23 19:42:01,689 [trainer.py] => increment: 10
2026-06-23 19:42:01,689 [trainer.py] => model_name: finetune
2026-06-23 19:42:01,689 [trainer.py] => backbone_type: clip
2026-06-23 19:42:01,689 [trainer.py] => device: [device(type='cuda', index=0)]
2026-06-23 19:42:01,689 [trainer.py] => seed: 1993
2026-06-23 19:42:01,689 [trainer.py] => init_epoch: 10
2026-06-23 19:42:01,689 [trainer.py] => init_lr: 0.001
2026-06-23 19:42:01,689 [trainer.py] => init_milestones: [60, 120, 170]
2026-06-23 19:42:01,689 [trainer.py] => init_lr_decay: 0.1
2026-06-23 19:42:01,689 [trainer.py] => init_weight_decay: 0.0005
2026-06-23 19:42:01,689 [trainer.py] => epochs: 10
2026-06-23 19:42:01,690 [trainer.py] => lrate: 0.001
2026-06-23 19:42:01,690 [trainer.py] => milestones: [40, 70]
2026-06-23 19:42:01,690 [trainer.py] => lrate_decay: 0.1
2026-06-23 19:42:01,690 [trainer.py] => batch_size: 128
2026-06-23 19:42:01,690 [trainer.py] => weight_decay: 0.0002
2026-06-23 19:42:01,690 [trainer.py] => total_class_num: 100
2026-06-23 19:42:03,391 [data_manager.py] => [68, 56, 78, 8, 23, 84, 90, 65, 74, 76, 40, 89, 3, 92, 55, 9, 26, 80, 43, 38, 58, 70, 77, 1, 85, 19, 17, 50, 28, 53, 13, 81, 45, 82, 6, 59, 83, 16, 15, 44, 91, 41, 72, 60, 79, 52, 20, 10, 31, 54, 37, 95, 14, 71, 96, 98, 97, 2, 64, 66, 42, 22, 35, 86, 24, 34, 87, 21, 99, 0, 88, 27, 18, 94, 11, 12, 47, 25, 30, 46, 62, 69, 36, 61, 7, 63, 75, 5, 32, 4, 51, 48, 73, 93, 39, 67, 29, 49, 57, 33]
2026-06-23 19:42:04,507 [instantiator.py] => Created a temporary directory at /tmp/tmpl71acc1g
2026-06-23 19:42:04,508 [instantiator.py] => Writing /tmp/tmpl71acc1g/_remote_module_non_scriptable.py
2026-06-23 19:42:04,752 [factory.py] => Loaded ViT-B-16 model config.
2026-06-23 19:42:06,941 [factory.py] => Loading pretrained ViT-B-16 weights (laion400m_e32).
2026-06-23 19:42:07,371 [factory.py] => Loaded ViT-B-16 model config.
2026-06-23 19:42:09,440 [factory.py] => Loading pretrained ViT-B-16 weights (laion400m_e32).
2026-06-23 19:42:09,891 [finetune.py] => Learning on 0-50
2026-06-23 19:45:59,476 [trainer.py] => config: ./exps/finetune.json
2026-06-23 19:45:59,477 [trainer.py] => prefix: -
2026-06-23 19:45:59,477 [trainer.py] => dataset: cifar224
2026-06-23 19:45:59,477 [trainer.py] => memory_size: 0
2026-06-23 19:45:59,477 [trainer.py] => memory_per_class: 0
2026-06-23 19:45:59,477 [trainer.py] => fixed_memory: False
2026-06-23 19:45:59,477 [trainer.py] => shuffle: True
2026-06-23 19:45:59,477 [trainer.py] => init_cls: 50
2026-06-23 19:45:59,477 [trainer.py] => increment: 10
2026-06-23 19:45:59,477 [trainer.py] => model_name: finetune
2026-06-23 19:45:59,477 [trainer.py] => backbone_type: clip
2026-06-23 19:45:59,478 [trainer.py] => device: [device(type='cuda', index=0)]
2026-06-23 19:45:59,478 [trainer.py] => seed: 1993
2026-06-23 19:45:59,478 [trainer.py] => init_epoch: 10
2026-06-23 19:45:59,478 [trainer.py] => init_lr: 0.001
2026-06-23 19:45:59,478 [trainer.py] => init_milestones: [60, 120, 170]
2026-06-23 19:45:59,478 [trainer.py] => init_lr_decay: 0.1
2026-06-23 19:45:59,478 [trainer.py] => init_weight_decay: 0.0005
2026-06-23 19:45:59,478 [trainer.py] => epochs: 10
2026-06-23 19:45:59,478 [trainer.py] => lrate: 0.001
2026-06-23 19:45:59,478 [trainer.py] => milestones: [40, 70]
2026-06-23 19:45:59,479 [trainer.py] => lrate_decay: 0.1
2026-06-23 19:45:59,479 [trainer.py] => batch_size: 128
2026-06-23 19:45:59,479 [trainer.py] => weight_decay: 0.0002
2026-06-23 19:45:59,479 [trainer.py] => total_class_num: 100
2026-06-23 19:46:01,213 [data_manager.py] => [68, 56, 78, 8, 23, 84, 90, 65, 74, 76, 40, 89, 3, 92, 55, 9, 26, 80, 43, 38, 58, 70, 77, 1, 85, 19, 17, 50, 28, 53, 13, 81, 45, 82, 6, 59, 83, 16, 15, 44, 91, 41, 72, 60, 79, 52, 20, 10, 31, 54, 37, 95, 14, 71, 96, 98, 97, 2, 64, 66, 42, 22, 35, 86, 24, 34, 87, 21, 99, 0, 88, 27, 18, 94, 11, 12, 47, 25, 30, 46, 62, 69, 36, 61, 7, 63, 75, 5, 32, 4, 51, 48, 73, 93, 39, 67, 29, 49, 57, 33]
2026-06-23 19:46:02,200 [instantiator.py] => Created a temporary directory at /tmp/tmpd3iujvdt
2026-06-23 19:46:02,200 [instantiator.py] => Writing /tmp/tmpd3iujvdt/_remote_module_non_scriptable.py
2026-06-23 19:46:02,448 [factory.py] => Loaded ViT-B-16 model config.
2026-06-23 19:46:04,691 [factory.py] => Loading pretrained ViT-B-16 weights (laion400m_e32).
2026-06-23 19:46:05,103 [factory.py] => Loaded ViT-B-16 model config.
2026-06-23 19:46:07,159 [factory.py] => Loading pretrained ViT-B-16 weights (laion400m_e32).
2026-06-23 19:46:07,592 [finetune.py] => Learning on 0-50
